0 info it worked if it ends with ok
1 verbose cli [ '/Users/evan/.nvm/versions/node/v6.2.2/bin/node',
1 verbose cli   '/Users/evan/.nvm/versions/node/v6.2.2/bin/npm',
1 verbose cli   'run',
1 verbose cli   'docs' ]
2 info using npm@3.9.5
3 info using node@v6.2.2
4 verbose stack Error: ENOENT: no such file or directory, open '/Users/evan/Vue/vuex/docs/package.json'
4 verbose stack     at Error (native)
5 verbose cwd /Users/evan/Vue/vuex/docs/en
6 error Darwin 15.3.0
7 error argv "/Users/evan/.nvm/versions/node/v6.2.2/bin/node" "/Users/evan/.nvm/versions/node/v6.2.2/bin/npm" "run" "docs"
8 error node v6.2.2
9 error npm  v3.9.5
10 error path /Users/evan/Vue/vuex/docs/package.json
11 error code ENOENT
12 error errno -2
13 error syscall open
14 error enoent ENOENT: no such file or directory, open '/Users/evan/Vue/vuex/docs/package.json'
15 error enoent ENOENT: no such file or directory, open '/Users/evan/Vue/vuex/docs/package.json'
15 error enoent This is most likely not a problem with npm itself
15 error enoent and is related to npm not being able to find a file.
16 verbose exit [ -2, true ]
